<?xml version="1.0" encoding="UTF-8"?>
<!-- Generated by org.testng.reporters.JUnitXMLReporter -->
<testsuite ignored="1" hostname="DESKTOP-DCEJNHE" failures="1" tests="5" name="Test" time="96.609" errors="0" timestamp="2022-03-16T23:58:11 CET">
  <testcase classname="MyFramework.NavigateToLoginPage" name="automationPageFrameNavigation" time="58.32"/>
  <testcase classname="MyFramework.NavigateToLoginPage" name="navigateToLoginPage" time="58.647"/>
  <testcase classname="homePageValidation.LinkValidation" name="homePageValidation" time="78.893"/>
  <testcase classname="homePageValidation.HideShowButtonTest" name="hideShowButtonTest" time="85.919"/>
  <testcase classname="MyFramework.SomeTestToFail" name="testToFail" time="31.779">
    <failure type="java.lang.AssertionError" message="expected [true] but found [false]">
      <![CDATA[java.lang.AssertionError: expected [true] but found [false]
at MyFramework.SomeTestToFail.testToFail(SomeTestToFail.java:41)
at java.base/java.util.concurrent.ThreadPoolExecutor.runWorker(ThreadPoolExecutor.java:1128)
at java.base/java.util.concurrent.ThreadPoolExecutor$Worker.run(ThreadPoolExecutor.java:628)
at java.base/java.lang.Thread.run(Thread.java:834)
... Removed 16 stack frames]]>
    </failure>
  </testcase> <!-- testToFail -->
  <testcase classname="MyFramework.DriverManagerTest" name="testDriverManager" time="0.0">
    <ignored/>
  </testcase> <!-- testDriverManager -->
</testsuite> <!-- Test -->
